2020-07-26T18:51:06+00:00 CRITICAL syntax error, unexpected 'endforeach' (T_ENDFOREACH), expecting elseif (T_ELSEIF) or else (T_ELSE) or endif (T_ENDIF) in C:\xampp\htdocs\2020\07\eena\eena-cn\themes\eena\woocommerce\archive-product.php on line 33

2020-07-26T19:12:58+00:00 CRITICAL Uncaught Error: Call to undefined function wp_reset_productdata() in C:\xampp\htdocs\2020\07\eena\eena-cn\themes\eena\inc\product-load.php:106
Stack trace:
#0 C:\xampp\htdocs\2020\07\eena\wp-includes\class-wp-hook.php(287): ajax_product_script_load_more('')
#1 C:\xampp\htdocs\2020\07\eena\wp-includes\class-wp-hook.php(311): WP_Hook->apply_filters('', Array)
#2 C:\xampp\htdocs\2020\07\eena\wp-includes\plugin.php(478): WP_Hook->do_action(Array)
#3 C:\xampp\htdocs\2020\07\eena\wp-admin\admin-ajax.php(175): do_action('wp_ajax_ajax_pr...')
#4 {main}
  thrown in C:\xampp\htdocs\2020\07\eena\eena-cn\themes\eena\inc\product-load.php on line 106

2020-07-26T19:12:59+00:00 CRITICAL Uncaught Error: Call to undefined function wp_reset_productdata() in C:\xampp\htdocs\2020\07\eena\eena-cn\themes\eena\inc\product-load.php:106
Stack trace:
#0 C:\xampp\htdocs\2020\07\eena\wp-includes\class-wp-hook.php(287): ajax_product_script_load_more('')
#1 C:\xampp\htdocs\2020\07\eena\wp-includes\class-wp-hook.php(311): WP_Hook->apply_filters('', Array)
#2 C:\xampp\htdocs\2020\07\eena\wp-includes\plugin.php(478): WP_Hook->do_action(Array)
#3 C:\xampp\htdocs\2020\07\eena\wp-admin\admin-ajax.php(175): do_action('wp_ajax_ajax_pr...')
#4 {main}
  thrown in C:\xampp\htdocs\2020\07\eena\eena-cn\themes\eena\inc\product-load.php on line 106

2020-07-26T19:12:59+00:00 CRITICAL Uncaught Error: Call to undefined function wp_reset_productdata() in C:\xampp\htdocs\2020\07\eena\eena-cn\themes\eena\inc\product-load.php:106
Stack trace:
#0 C:\xampp\htdocs\2020\07\eena\wp-includes\class-wp-hook.php(287): ajax_product_script_load_more('')
#1 C:\xampp\htdocs\2020\07\eena\wp-includes\class-wp-hook.php(311): WP_Hook->apply_filters('', Array)
#2 C:\xampp\htdocs\2020\07\eena\wp-includes\plugin.php(478): WP_Hook->do_action(Array)
#3 C:\xampp\htdocs\2020\07\eena\wp-admin\admin-ajax.php(175): do_action('wp_ajax_ajax_pr...')
#4 {main}
  thrown in C:\xampp\htdocs\2020\07\eena\eena-cn\themes\eena\inc\product-load.php on line 106

2020-07-26T19:13:17+00:00 CRITICAL Uncaught Error: Call to undefined function wp_reset_productdata() in C:\xampp\htdocs\2020\07\eena\eena-cn\themes\eena\inc\product-load.php:106
Stack trace:
#0 C:\xampp\htdocs\2020\07\eena\wp-includes\class-wp-hook.php(287): ajax_product_script_load_more('')
#1 C:\xampp\htdocs\2020\07\eena\wp-includes\class-wp-hook.php(311): WP_Hook->apply_filters('', Array)
#2 C:\xampp\htdocs\2020\07\eena\wp-includes\plugin.php(478): WP_Hook->do_action(Array)
#3 C:\xampp\htdocs\2020\07\eena\wp-admin\admin-ajax.php(175): do_action('wp_ajax_ajax_pr...')
#4 {main}
  thrown in C:\xampp\htdocs\2020\07\eena\eena-cn\themes\eena\inc\product-load.php on line 106

2020-07-26T19:13:18+00:00 CRITICAL Uncaught Error: Call to undefined function wp_reset_productdata() in C:\xampp\htdocs\2020\07\eena\eena-cn\themes\eena\inc\product-load.php:106
Stack trace:
#0 C:\xampp\htdocs\2020\07\eena\wp-includes\class-wp-hook.php(287): ajax_product_script_load_more('')
#1 C:\xampp\htdocs\2020\07\eena\wp-includes\class-wp-hook.php(311): WP_Hook->apply_filters('', Array)
#2 C:\xampp\htdocs\2020\07\eena\wp-includes\plugin.php(478): WP_Hook->do_action(Array)
#3 C:\xampp\htdocs\2020\07\eena\wp-admin\admin-ajax.php(175): do_action('wp_ajax_ajax_pr...')
#4 {main}
  thrown in C:\xampp\htdocs\2020\07\eena\eena-cn\themes\eena\inc\product-load.php on line 106

2020-07-26T19:13:19+00:00 CRITICAL Uncaught Error: Call to undefined function wp_reset_productdata() in C:\xampp\htdocs\2020\07\eena\eena-cn\themes\eena\inc\product-load.php:106
Stack trace:
#0 C:\xampp\htdocs\2020\07\eena\wp-includes\class-wp-hook.php(287): ajax_product_script_load_more('')
#1 C:\xampp\htdocs\2020\07\eena\wp-includes\class-wp-hook.php(311): WP_Hook->apply_filters('', Array)
#2 C:\xampp\htdocs\2020\07\eena\wp-includes\plugin.php(478): WP_Hook->do_action(Array)
#3 C:\xampp\htdocs\2020\07\eena\wp-admin\admin-ajax.php(175): do_action('wp_ajax_ajax_pr...')
#4 {main}
  thrown in C:\xampp\htdocs\2020\07\eena\eena-cn\themes\eena\inc\product-load.php on line 106

2020-07-26T19:14:15+00:00 CRITICAL Uncaught Error: Call to undefined function wp_reset_productdata() in C:\xampp\htdocs\2020\07\eena\eena-cn\themes\eena\inc\product-load.php:106
Stack trace:
#0 C:\xampp\htdocs\2020\07\eena\wp-includes\class-wp-hook.php(287): ajax_product_script_load_more('')
#1 C:\xampp\htdocs\2020\07\eena\wp-includes\class-wp-hook.php(311): WP_Hook->apply_filters('', Array)
#2 C:\xampp\htdocs\2020\07\eena\wp-includes\plugin.php(478): WP_Hook->do_action(Array)
#3 C:\xampp\htdocs\2020\07\eena\wp-admin\admin-ajax.php(175): do_action('wp_ajax_ajax_pr...')
#4 {main}
  thrown in C:\xampp\htdocs\2020\07\eena\eena-cn\themes\eena\inc\product-load.php on line 106

2020-07-26T19:14:15+00:00 CRITICAL Uncaught Error: Call to undefined function wp_reset_productdata() in C:\xampp\htdocs\2020\07\eena\eena-cn\themes\eena\inc\product-load.php:106
Stack trace:
#0 C:\xampp\htdocs\2020\07\eena\wp-includes\class-wp-hook.php(287): ajax_product_script_load_more('')
#1 C:\xampp\htdocs\2020\07\eena\wp-includes\class-wp-hook.php(311): WP_Hook->apply_filters('', Array)
#2 C:\xampp\htdocs\2020\07\eena\wp-includes\plugin.php(478): WP_Hook->do_action(Array)
#3 C:\xampp\htdocs\2020\07\eena\wp-admin\admin-ajax.php(175): do_action('wp_ajax_ajax_pr...')
#4 {main}
  thrown in C:\xampp\htdocs\2020\07\eena\eena-cn\themes\eena\inc\product-load.php on line 106

2020-07-26T19:14:15+00:00 CRITICAL Uncaught Error: Call to undefined function wp_reset_productdata() in C:\xampp\htdocs\2020\07\eena\eena-cn\themes\eena\inc\product-load.php:106
Stack trace:
#0 C:\xampp\htdocs\2020\07\eena\wp-includes\class-wp-hook.php(287): ajax_product_script_load_more('')
#1 C:\xampp\htdocs\2020\07\eena\wp-includes\class-wp-hook.php(311): WP_Hook->apply_filters('', Array)
#2 C:\xampp\htdocs\2020\07\eena\wp-includes\plugin.php(478): WP_Hook->do_action(Array)
#3 C:\xampp\htdocs\2020\07\eena\wp-admin\admin-ajax.php(175): do_action('wp_ajax_ajax_pr...')
#4 {main}
  thrown in C:\xampp\htdocs\2020\07\eena\eena-cn\themes\eena\inc\product-load.php on line 106

2020-07-26T19:16:56+00:00 CRITICAL Uncaught Error: Call to undefined function wp_reset_productdata() in C:\xampp\htdocs\2020\07\eena\eena-cn\themes\eena\inc\product-load.php:106
Stack trace:
#0 C:\xampp\htdocs\2020\07\eena\wp-includes\class-wp-hook.php(287): ajax_product_script_load_more('')
#1 C:\xampp\htdocs\2020\07\eena\wp-includes\class-wp-hook.php(311): WP_Hook->apply_filters('', Array)
#2 C:\xampp\htdocs\2020\07\eena\wp-includes\plugin.php(478): WP_Hook->do_action(Array)
#3 C:\xampp\htdocs\2020\07\eena\wp-admin\admin-ajax.php(175): do_action('wp_ajax_ajax_pr...')
#4 {main}
  thrown in C:\xampp\htdocs\2020\07\eena\eena-cn\themes\eena\inc\product-load.php on line 106

2020-07-26T19:16:57+00:00 CRITICAL Uncaught Error: Call to undefined function wp_reset_productdata() in C:\xampp\htdocs\2020\07\eena\eena-cn\themes\eena\inc\product-load.php:106
Stack trace:
#0 C:\xampp\htdocs\2020\07\eena\wp-includes\class-wp-hook.php(287): ajax_product_script_load_more('')
#1 C:\xampp\htdocs\2020\07\eena\wp-includes\class-wp-hook.php(311): WP_Hook->apply_filters('', Array)
#2 C:\xampp\htdocs\2020\07\eena\wp-includes\plugin.php(478): WP_Hook->do_action(Array)
#3 C:\xampp\htdocs\2020\07\eena\wp-admin\admin-ajax.php(175): do_action('wp_ajax_ajax_pr...')
#4 {main}
  thrown in C:\xampp\htdocs\2020\07\eena\eena-cn\themes\eena\inc\product-load.php on line 106

2020-07-26T19:16:57+00:00 CRITICAL Uncaught Error: Call to undefined function wp_reset_productdata() in C:\xampp\htdocs\2020\07\eena\eena-cn\themes\eena\inc\product-load.php:106
Stack trace:
#0 C:\xampp\htdocs\2020\07\eena\wp-includes\class-wp-hook.php(287): ajax_product_script_load_more('')
#1 C:\xampp\htdocs\2020\07\eena\wp-includes\class-wp-hook.php(311): WP_Hook->apply_filters('', Array)
#2 C:\xampp\htdocs\2020\07\eena\wp-includes\plugin.php(478): WP_Hook->do_action(Array)
#3 C:\xampp\htdocs\2020\07\eena\wp-admin\admin-ajax.php(175): do_action('wp_ajax_ajax_pr...')
#4 {main}
  thrown in C:\xampp\htdocs\2020\07\eena\eena-cn\themes\eena\inc\product-load.php on line 106

2020-07-26T19:17:54+00:00 CRITICAL Uncaught Error: Call to undefined function wp_reset_productdata() in C:\xampp\htdocs\2020\07\eena\eena-cn\themes\eena\inc\product-load.php:106
Stack trace:
#0 C:\xampp\htdocs\2020\07\eena\wp-includes\class-wp-hook.php(287): ajax_product_script_load_more('')
#1 C:\xampp\htdocs\2020\07\eena\wp-includes\class-wp-hook.php(311): WP_Hook->apply_filters('', Array)
#2 C:\xampp\htdocs\2020\07\eena\wp-includes\plugin.php(478): WP_Hook->do_action(Array)
#3 C:\xampp\htdocs\2020\07\eena\wp-admin\admin-ajax.php(175): do_action('wp_ajax_ajax_pr...')
#4 {main}
  thrown in C:\xampp\htdocs\2020\07\eena\eena-cn\themes\eena\inc\product-load.php on line 106

2020-07-26T19:17:55+00:00 CRITICAL Uncaught Error: Call to undefined function wp_reset_productdata() in C:\xampp\htdocs\2020\07\eena\eena-cn\themes\eena\inc\product-load.php:106
Stack trace:
#0 C:\xampp\htdocs\2020\07\eena\wp-includes\class-wp-hook.php(287): ajax_product_script_load_more('')
#1 C:\xampp\htdocs\2020\07\eena\wp-includes\class-wp-hook.php(311): WP_Hook->apply_filters('', Array)
#2 C:\xampp\htdocs\2020\07\eena\wp-includes\plugin.php(478): WP_Hook->do_action(Array)
#3 C:\xampp\htdocs\2020\07\eena\wp-admin\admin-ajax.php(175): do_action('wp_ajax_ajax_pr...')
#4 {main}
  thrown in C:\xampp\htdocs\2020\07\eena\eena-cn\themes\eena\inc\product-load.php on line 106

2020-07-26T19:17:56+00:00 CRITICAL Uncaught Error: Call to undefined function wp_reset_productdata() in C:\xampp\htdocs\2020\07\eena\eena-cn\themes\eena\inc\product-load.php:106
Stack trace:
#0 C:\xampp\htdocs\2020\07\eena\wp-includes\class-wp-hook.php(287): ajax_product_script_load_more('')
#1 C:\xampp\htdocs\2020\07\eena\wp-includes\class-wp-hook.php(311): WP_Hook->apply_filters('', Array)
#2 C:\xampp\htdocs\2020\07\eena\wp-includes\plugin.php(478): WP_Hook->do_action(Array)
#3 C:\xampp\htdocs\2020\07\eena\wp-admin\admin-ajax.php(175): do_action('wp_ajax_ajax_pr...')
#4 {main}
  thrown in C:\xampp\htdocs\2020\07\eena\eena-cn\themes\eena\inc\product-load.php on line 106

2020-07-26T19:19:22+00:00 CRITICAL Uncaught Error: Call to undefined function wp_reset_productdata() in C:\xampp\htdocs\2020\07\eena\eena-cn\themes\eena\inc\product-load.php:106
Stack trace:
#0 C:\xampp\htdocs\2020\07\eena\wp-includes\class-wp-hook.php(287): ajax_product_script_load_more('')
#1 C:\xampp\htdocs\2020\07\eena\wp-includes\class-wp-hook.php(311): WP_Hook->apply_filters('', Array)
#2 C:\xampp\htdocs\2020\07\eena\wp-includes\plugin.php(478): WP_Hook->do_action(Array)
#3 C:\xampp\htdocs\2020\07\eena\wp-admin\admin-ajax.php(175): do_action('wp_ajax_ajax_pr...')
#4 {main}
  thrown in C:\xampp\htdocs\2020\07\eena\eena-cn\themes\eena\inc\product-load.php on line 106

2020-07-26T19:19:23+00:00 CRITICAL Uncaught Error: Call to undefined function wp_reset_productdata() in C:\xampp\htdocs\2020\07\eena\eena-cn\themes\eena\inc\product-load.php:106
Stack trace:
#0 C:\xampp\htdocs\2020\07\eena\wp-includes\class-wp-hook.php(287): ajax_product_script_load_more('')
#1 C:\xampp\htdocs\2020\07\eena\wp-includes\class-wp-hook.php(311): WP_Hook->apply_filters('', Array)
#2 C:\xampp\htdocs\2020\07\eena\wp-includes\plugin.php(478): WP_Hook->do_action(Array)
#3 C:\xampp\htdocs\2020\07\eena\wp-admin\admin-ajax.php(175): do_action('wp_ajax_ajax_pr...')
#4 {main}
  thrown in C:\xampp\htdocs\2020\07\eena\eena-cn\themes\eena\inc\product-load.php on line 106

2020-07-26T19:19:24+00:00 CRITICAL Uncaught Error: Call to undefined function wp_reset_productdata() in C:\xampp\htdocs\2020\07\eena\eena-cn\themes\eena\inc\product-load.php:106
Stack trace:
#0 C:\xampp\htdocs\2020\07\eena\wp-includes\class-wp-hook.php(287): ajax_product_script_load_more('')
#1 C:\xampp\htdocs\2020\07\eena\wp-includes\class-wp-hook.php(311): WP_Hook->apply_filters('', Array)
#2 C:\xampp\htdocs\2020\07\eena\wp-includes\plugin.php(478): WP_Hook->do_action(Array)
#3 C:\xampp\htdocs\2020\07\eena\wp-admin\admin-ajax.php(175): do_action('wp_ajax_ajax_pr...')
#4 {main}
  thrown in C:\xampp\htdocs\2020\07\eena\eena-cn\themes\eena\inc\product-load.php on line 106

2020-07-26T19:19:25+00:00 CRITICAL Uncaught Error: Call to undefined function wp_reset_productdata() in C:\xampp\htdocs\2020\07\eena\eena-cn\themes\eena\inc\product-load.php:106
Stack trace:
#0 C:\xampp\htdocs\2020\07\eena\wp-includes\class-wp-hook.php(287): ajax_product_script_load_more('')
#1 C:\xampp\htdocs\2020\07\eena\wp-includes\class-wp-hook.php(311): WP_Hook->apply_filters('', Array)
#2 C:\xampp\htdocs\2020\07\eena\wp-includes\plugin.php(478): WP_Hook->do_action(Array)
#3 C:\xampp\htdocs\2020\07\eena\wp-admin\admin-ajax.php(175): do_action('wp_ajax_ajax_pr...')
#4 {main}
  thrown in C:\xampp\htdocs\2020\07\eena\eena-cn\themes\eena\inc\product-load.php on line 106

2020-07-26T19:19:36+00:00 CRITICAL Uncaught Error: Call to undefined function wp_reset_productdata() in C:\xampp\htdocs\2020\07\eena\eena-cn\themes\eena\inc\product-load.php:106
Stack trace:
#0 C:\xampp\htdocs\2020\07\eena\wp-includes\class-wp-hook.php(287): ajax_product_script_load_more('')
#1 C:\xampp\htdocs\2020\07\eena\wp-includes\class-wp-hook.php(311): WP_Hook->apply_filters('', Array)
#2 C:\xampp\htdocs\2020\07\eena\wp-includes\plugin.php(478): WP_Hook->do_action(Array)
#3 C:\xampp\htdocs\2020\07\eena\wp-admin\admin-ajax.php(175): do_action('wp_ajax_ajax_pr...')
#4 {main}
  thrown in C:\xampp\htdocs\2020\07\eena\eena-cn\themes\eena\inc\product-load.php on line 106

2020-07-26T19:19:37+00:00 CRITICAL Uncaught Error: Call to undefined function wp_reset_productdata() in C:\xampp\htdocs\2020\07\eena\eena-cn\themes\eena\inc\product-load.php:106
Stack trace:
#0 C:\xampp\htdocs\2020\07\eena\wp-includes\class-wp-hook.php(287): ajax_product_script_load_more('')
#1 C:\xampp\htdocs\2020\07\eena\wp-includes\class-wp-hook.php(311): WP_Hook->apply_filters('', Array)
#2 C:\xampp\htdocs\2020\07\eena\wp-includes\plugin.php(478): WP_Hook->do_action(Array)
#3 C:\xampp\htdocs\2020\07\eena\wp-admin\admin-ajax.php(175): do_action('wp_ajax_ajax_pr...')
#4 {main}
  thrown in C:\xampp\htdocs\2020\07\eena\eena-cn\themes\eena\inc\product-load.php on line 106

2020-07-26T19:19:38+00:00 CRITICAL Uncaught Error: Call to undefined function wp_reset_productdata() in C:\xampp\htdocs\2020\07\eena\eena-cn\themes\eena\inc\product-load.php:106
Stack trace:
#0 C:\xampp\htdocs\2020\07\eena\wp-includes\class-wp-hook.php(287): ajax_product_script_load_more('')
#1 C:\xampp\htdocs\2020\07\eena\wp-includes\class-wp-hook.php(311): WP_Hook->apply_filters('', Array)
#2 C:\xampp\htdocs\2020\07\eena\wp-includes\plugin.php(478): WP_Hook->do_action(Array)
#3 C:\xampp\htdocs\2020\07\eena\wp-admin\admin-ajax.php(175): do_action('wp_ajax_ajax_pr...')
#4 {main}
  thrown in C:\xampp\htdocs\2020\07\eena\eena-cn\themes\eena\inc\product-load.php on line 106

2020-07-26T19:19:40+00:00 CRITICAL Uncaught Error: Call to undefined function wp_reset_productdata() in C:\xampp\htdocs\2020\07\eena\eena-cn\themes\eena\inc\product-load.php:106
Stack trace:
#0 C:\xampp\htdocs\2020\07\eena\wp-includes\class-wp-hook.php(287): ajax_product_script_load_more('')
#1 C:\xampp\htdocs\2020\07\eena\wp-includes\class-wp-hook.php(311): WP_Hook->apply_filters('', Array)
#2 C:\xampp\htdocs\2020\07\eena\wp-includes\plugin.php(478): WP_Hook->do_action(Array)
#3 C:\xampp\htdocs\2020\07\eena\wp-admin\admin-ajax.php(175): do_action('wp_ajax_ajax_pr...')
#4 {main}
  thrown in C:\xampp\htdocs\2020\07\eena\eena-cn\themes\eena\inc\product-load.php on line 106

2020-07-26T19:20:09+00:00 CRITICAL Uncaught Error: Call to undefined function wp_reset_productdata() in C:\xampp\htdocs\2020\07\eena\eena-cn\themes\eena\inc\product-load.php:106
Stack trace:
#0 C:\xampp\htdocs\2020\07\eena\wp-includes\class-wp-hook.php(287): ajax_product_script_load_more('')
#1 C:\xampp\htdocs\2020\07\eena\wp-includes\class-wp-hook.php(311): WP_Hook->apply_filters('', Array)
#2 C:\xampp\htdocs\2020\07\eena\wp-includes\plugin.php(478): WP_Hook->do_action(Array)
#3 C:\xampp\htdocs\2020\07\eena\wp-admin\admin-ajax.php(175): do_action('wp_ajax_ajax_pr...')
#4 {main}
  thrown in C:\xampp\htdocs\2020\07\eena\eena-cn\themes\eena\inc\product-load.php on line 106

2020-07-26T19:20:10+00:00 CRITICAL Uncaught Error: Call to undefined function wp_reset_productdata() in C:\xampp\htdocs\2020\07\eena\eena-cn\themes\eena\inc\product-load.php:106
Stack trace:
#0 C:\xampp\htdocs\2020\07\eena\wp-includes\class-wp-hook.php(287): ajax_product_script_load_more('')
#1 C:\xampp\htdocs\2020\07\eena\wp-includes\class-wp-hook.php(311): WP_Hook->apply_filters('', Array)
#2 C:\xampp\htdocs\2020\07\eena\wp-includes\plugin.php(478): WP_Hook->do_action(Array)
#3 C:\xampp\htdocs\2020\07\eena\wp-admin\admin-ajax.php(175): do_action('wp_ajax_ajax_pr...')
#4 {main}
  thrown in C:\xampp\htdocs\2020\07\eena\eena-cn\themes\eena\inc\product-load.php on line 106

2020-07-26T19:20:10+00:00 CRITICAL Uncaught Error: Call to undefined function wp_reset_productdata() in C:\xampp\htdocs\2020\07\eena\eena-cn\themes\eena\inc\product-load.php:106
Stack trace:
#0 C:\xampp\htdocs\2020\07\eena\wp-includes\class-wp-hook.php(287): ajax_product_script_load_more('')
#1 C:\xampp\htdocs\2020\07\eena\wp-includes\class-wp-hook.php(311): WP_Hook->apply_filters('', Array)
#2 C:\xampp\htdocs\2020\07\eena\wp-includes\plugin.php(478): WP_Hook->do_action(Array)
#3 C:\xampp\htdocs\2020\07\eena\wp-admin\admin-ajax.php(175): do_action('wp_ajax_ajax_pr...')
#4 {main}
  thrown in C:\xampp\htdocs\2020\07\eena\eena-cn\themes\eena\inc\product-load.php on line 106

2020-07-26T19:21:10+00:00 CRITICAL Uncaught Error: Call to undefined function wp_reset_productdata() in C:\xampp\htdocs\2020\07\eena\eena-cn\themes\eena\inc\product-load.php:106
Stack trace:
#0 C:\xampp\htdocs\2020\07\eena\wp-includes\class-wp-hook.php(287): ajax_product_script_load_more('')
#1 C:\xampp\htdocs\2020\07\eena\wp-includes\class-wp-hook.php(311): WP_Hook->apply_filters('', Array)
#2 C:\xampp\htdocs\2020\07\eena\wp-includes\plugin.php(478): WP_Hook->do_action(Array)
#3 C:\xampp\htdocs\2020\07\eena\wp-admin\admin-ajax.php(175): do_action('wp_ajax_ajax_pr...')
#4 {main}
  thrown in C:\xampp\htdocs\2020\07\eena\eena-cn\themes\eena\inc\product-load.php on line 106

2020-07-26T19:21:11+00:00 CRITICAL Uncaught Error: Call to undefined function wp_reset_productdata() in C:\xampp\htdocs\2020\07\eena\eena-cn\themes\eena\inc\product-load.php:106
Stack trace:
#0 C:\xampp\htdocs\2020\07\eena\wp-includes\class-wp-hook.php(287): ajax_product_script_load_more('')
#1 C:\xampp\htdocs\2020\07\eena\wp-includes\class-wp-hook.php(311): WP_Hook->apply_filters('', Array)
#2 C:\xampp\htdocs\2020\07\eena\wp-includes\plugin.php(478): WP_Hook->do_action(Array)
#3 C:\xampp\htdocs\2020\07\eena\wp-admin\admin-ajax.php(175): do_action('wp_ajax_ajax_pr...')
#4 {main}
  thrown in C:\xampp\htdocs\2020\07\eena\eena-cn\themes\eena\inc\product-load.php on line 106

2020-07-26T19:21:11+00:00 CRITICAL Uncaught Error: Call to undefined function wp_reset_productdata() in C:\xampp\htdocs\2020\07\eena\eena-cn\themes\eena\inc\product-load.php:106
Stack trace:
#0 C:\xampp\htdocs\2020\07\eena\wp-includes\class-wp-hook.php(287): ajax_product_script_load_more('')
#1 C:\xampp\htdocs\2020\07\eena\wp-includes\class-wp-hook.php(311): WP_Hook->apply_filters('', Array)
#2 C:\xampp\htdocs\2020\07\eena\wp-includes\plugin.php(478): WP_Hook->do_action(Array)
#3 C:\xampp\htdocs\2020\07\eena\wp-admin\admin-ajax.php(175): do_action('wp_ajax_ajax_pr...')
#4 {main}
  thrown in C:\xampp\htdocs\2020\07\eena\eena-cn\themes\eena\inc\product-load.php on line 106

2020-07-26T19:23:35+00:00 CRITICAL Uncaught Error: Call to undefined function wp_reset_productdata() in C:\xampp\htdocs\2020\07\eena\eena-cn\themes\eena\inc\product-load.php:106
Stack trace:
#0 C:\xampp\htdocs\2020\07\eena\wp-includes\class-wp-hook.php(287): ajax_product_script_load_more('')
#1 C:\xampp\htdocs\2020\07\eena\wp-includes\class-wp-hook.php(311): WP_Hook->apply_filters('', Array)
#2 C:\xampp\htdocs\2020\07\eena\wp-includes\plugin.php(478): WP_Hook->do_action(Array)
#3 C:\xampp\htdocs\2020\07\eena\wp-admin\admin-ajax.php(175): do_action('wp_ajax_ajax_pr...')
#4 {main}
  thrown in C:\xampp\htdocs\2020\07\eena\eena-cn\themes\eena\inc\product-load.php on line 106

2020-07-26T19:23:36+00:00 CRITICAL Uncaught Error: Call to undefined function wp_reset_productdata() in C:\xampp\htdocs\2020\07\eena\eena-cn\themes\eena\inc\product-load.php:106
Stack trace:
#0 C:\xampp\htdocs\2020\07\eena\wp-includes\class-wp-hook.php(287): ajax_product_script_load_more('')
#1 C:\xampp\htdocs\2020\07\eena\wp-includes\class-wp-hook.php(311): WP_Hook->apply_filters('', Array)
#2 C:\xampp\htdocs\2020\07\eena\wp-includes\plugin.php(478): WP_Hook->do_action(Array)
#3 C:\xampp\htdocs\2020\07\eena\wp-admin\admin-ajax.php(175): do_action('wp_ajax_ajax_pr...')
#4 {main}
  thrown in C:\xampp\htdocs\2020\07\eena\eena-cn\themes\eena\inc\product-load.php on line 106

2020-07-26T19:23:37+00:00 CRITICAL Uncaught Error: Call to undefined function wp_reset_productdata() in C:\xampp\htdocs\2020\07\eena\eena-cn\themes\eena\inc\product-load.php:106
Stack trace:
#0 C:\xampp\htdocs\2020\07\eena\wp-includes\class-wp-hook.php(287): ajax_product_script_load_more('')
#1 C:\xampp\htdocs\2020\07\eena\wp-includes\class-wp-hook.php(311): WP_Hook->apply_filters('', Array)
#2 C:\xampp\htdocs\2020\07\eena\wp-includes\plugin.php(478): WP_Hook->do_action(Array)
#3 C:\xampp\htdocs\2020\07\eena\wp-admin\admin-ajax.php(175): do_action('wp_ajax_ajax_pr...')
#4 {main}
  thrown in C:\xampp\htdocs\2020\07\eena\eena-cn\themes\eena\inc\product-load.php on line 106

2020-07-26T19:23:49+00:00 CRITICAL Uncaught Error: Call to undefined function wp_reset_productdata() in C:\xampp\htdocs\2020\07\eena\eena-cn\themes\eena\inc\product-load.php:106
Stack trace:
#0 C:\xampp\htdocs\2020\07\eena\wp-includes\class-wp-hook.php(287): ajax_product_script_load_more('')
#1 C:\xampp\htdocs\2020\07\eena\wp-includes\class-wp-hook.php(311): WP_Hook->apply_filters('', Array)
#2 C:\xampp\htdocs\2020\07\eena\wp-includes\plugin.php(478): WP_Hook->do_action(Array)
#3 C:\xampp\htdocs\2020\07\eena\wp-admin\admin-ajax.php(175): do_action('wp_ajax_ajax_pr...')
#4 {main}
  thrown in C:\xampp\htdocs\2020\07\eena\eena-cn\themes\eena\inc\product-load.php on line 106

2020-07-26T19:23:56+00:00 CRITICAL Uncaught Error: Call to undefined function wp_reset_productdata() in C:\xampp\htdocs\2020\07\eena\eena-cn\themes\eena\inc\product-load.php:106
Stack trace:
#0 C:\xampp\htdocs\2020\07\eena\wp-includes\class-wp-hook.php(287): ajax_product_script_load_more('')
#1 C:\xampp\htdocs\2020\07\eena\wp-includes\class-wp-hook.php(311): WP_Hook->apply_filters('', Array)
#2 C:\xampp\htdocs\2020\07\eena\wp-includes\plugin.php(478): WP_Hook->do_action(Array)
#3 C:\xampp\htdocs\2020\07\eena\wp-admin\admin-ajax.php(175): do_action('wp_ajax_ajax_pr...')
#4 {main}
  thrown in C:\xampp\htdocs\2020\07\eena\eena-cn\themes\eena\inc\product-load.php on line 106

2020-07-26T19:24:00+00:00 CRITICAL Uncaught Error: Call to undefined function wp_reset_productdata() in C:\xampp\htdocs\2020\07\eena\eena-cn\themes\eena\inc\product-load.php:106
Stack trace:
#0 C:\xampp\htdocs\2020\07\eena\wp-includes\class-wp-hook.php(287): ajax_product_script_load_more('')
#1 C:\xampp\htdocs\2020\07\eena\wp-includes\class-wp-hook.php(311): WP_Hook->apply_filters('', Array)
#2 C:\xampp\htdocs\2020\07\eena\wp-includes\plugin.php(478): WP_Hook->do_action(Array)
#3 C:\xampp\htdocs\2020\07\eena\wp-admin\admin-ajax.php(175): do_action('wp_ajax_ajax_pr...')
#4 {main}
  thrown in C:\xampp\htdocs\2020\07\eena\eena-cn\themes\eena\inc\product-load.php on line 106

2020-07-26T19:31:18+00:00 CRITICAL syntax error, unexpected ';', expecting ',' or ')' in C:\xampp\htdocs\2020\07\eena\eena-cn\themes\eena\inc\product-load.php on line 77

